<?xml version="1.0" encoding="UTF-8"?>
<!-- Generated by org.testng.reporters.JUnitReportReporter -->
<testsuite hostname="DESKTOP-J1CFD8O" failures="0" tests="1" name="test.ProductDetailTest" time="43.675" errors="0" timestamp="2024-12-04T12:32:06 IST" skipped="0">
  <testcase classname="test.ProductDetailTest" name="VerifyAddToCartUsingProductDetailPage" time="43.675"/>
</testsuite> <!-- test.ProductDetailTest -->
