<?xml version="1.0" encoding="UTF-8"?>
<!-- Generated by org.testng.reporters.JUnitReportReporter -->
<testsuite hostname="DESKTOP-J1CFD8O" failures="0" tests="12" name="test.NaaptolHomeTest" time="279.742" errors="0" timestamp="2024-12-07T23:00:08 IST" skipped="0">
  <testcase classname="test.NaaptolHomeTest" name="VerifyOnClickingShoppingCategories" time="11.323"/>
  <testcase classname="test.NaaptolHomeTest" name="VerifyOnClickingShoppingCategories" time="18.787"/>
  <testcase classname="test.NaaptolHomeTest" name="VerifyOnClickingShoppingCategories" time="12.062"/>
  <testcase classname="test.NaaptolHomeTest" name="VerifyProductDetailsInQuickView" time="20.825"/>
  <testcase classname="test.NaaptolHomeTest" name="VerifyProductDetailsInQuickView" time="37.173"/>
  <testcase classname="test.NaaptolHomeTest" name="VerifyProductDetailsInQuickView" time="19.374"/>
  <testcase classname="test.NaaptolHomeTest" name="verifyProductDetailsInNewTab" time="30.278"/>
  <testcase classname="test.NaaptolHomeTest" name="verifyProductDetailsInNewTab" time="26.155"/>
  <testcase classname="test.NaaptolHomeTest" name="verifyProductDetailsInNewTab" time="14.547"/>
  <testcase classname="test.NaaptolHomeTest" name="VerifySortFeature" time="19.812"/>
  <testcase classname="test.NaaptolHomeTest" name="VerifySortFeature" time="26.778"/>
  <testcase classname="test.NaaptolHomeTest" name="VerifySortFeature" time="42.628"/>
</testsuite> <!-- test.NaaptolHomeTest -->
