<?xml version="1.0" encoding="UTF-8"?>
<!-- Generated by org.testng.reporters.JUnitReportReporter -->
<testsuite hostname="DESKTOP-J1CFD8O" failures="0" tests="1" name="test.NaaptolCartTest" time="32.532" errors="0" timestamp="2024-12-06T13:40:32 IST" skipped="0">
  <testcase classname="test.NaaptolCartTest" name="VerifyAddProductToCartUsingQuickView" time="32.532"/>
</testsuite> <!-- test.NaaptolCartTest -->
