<?xml version="1.0" encoding="UTF-8"?>
<!-- Generated by org.testng.reporters.JUnitReportReporter -->
<testsuite hostname="DESKTOP-J1CFD8O" failures="0" tests="1" name="test.NaaptolHomeTest" time="27.197" errors="0" timestamp="2024-12-06T13:33:04 IST" skipped="0">
  <testcase classname="test.NaaptolHomeTest" name="VerifySortFeature" time="27.197"/>
</testsuite> <!-- test.NaaptolHomeTest -->
