<?xml version="1.0" encoding="UTF-8"?>
<!-- Generated by org.testng.reporters.JUnitReportReporter -->
<testsuite hostname="DESKTOP-J1CFD8O" failures="0" tests="4" name="test.NaaptolHomeTest" time="86.475" errors="0" timestamp="2024-12-08T18:43:36 IST" skipped="0">
  <testcase classname="test.NaaptolHomeTest" name="VerifyOnClickingShoppingCategories" time="19.165"/>
  <testcase classname="test.NaaptolHomeTest" name="VerifyProductDetailsInQuickView" time="17.996"/>
  <testcase classname="test.NaaptolHomeTest" name="verifyProductDetailsInNewTab" time="26.626"/>
  <testcase classname="test.NaaptolHomeTest" name="VerifySortFeature" time="22.688"/>
</testsuite> <!-- test.NaaptolHomeTest -->
