<?xml version="1.0" encoding="UTF-8"?>
<!-- Generated by org.testng.reporters.JUnitReportReporter -->
<testsuite hostname="DESKTOP-J1CFD8O" failures="0" tests="1" name="test.NaaptolSearchTest" time="19.067" errors="0" timestamp="2024-11-30T15:58:26 IST" skipped="0">
  <testcase classname="test.NaaptolSearchTest" name="VerifyIfUserIsAbleToPerformInValidSearch" time="19.067"/>
</testsuite> <!-- test.NaaptolSearchTest -->
